TN:
SF:src\utils\businessLogic.js
FN:5,calculatePointsForOrder
FN:18,calculatePointsForReview
FN:22,calculateDiscountFromPoints
FN:27,calculateOrderTotal
FN:28,(anonymous_4)
FN:33,isValidStatusTransition
FN:49,isValidUserRole
FN:53,canPlaceOrder
FN:57,canManageOrders
FN:62,getDefaultDeliveryStatus
FN:67,canUsePoints
FN:71,calculateMaxDiscount
FN:76,isValidOrder
FN:99,isLocalLegend
FN:103,calculateDeliveryTime
FN:108,isValidRating
FN:113,formatCurrency
FN:120,calculateTax
FN:130,validateEmail
FN:138,validatePhoneNumber
FN:148,calculateEstimatedDeliveryTime
FN:154,formatOrderId
FN:161,calculateTipAmount
FN:171,isValidDiscountCode
FN:179,calculateDeliveryFee
FNF:25
FNH:25
FNDA:21,calculatePointsForOrder
FNDA:1,calculatePointsForReview
FNDA:8,calculateDiscountFromPoints
FNDA:6,calculateOrderTotal
FNDA:10,(anonymous_4)
FNDA:19,isValidStatusTransition
FNDA:9,isValidUserRole
FNDA:3,canPlaceOrder
FNDA:3,canManageOrders
FNDA:3,getDefaultDeliveryStatus
FNDA:7,canUsePoints
FNDA:4,calculateMaxDiscount
FNDA:13,isValidOrder
FNDA:7,isLocalLegend
FNDA:4,calculateDeliveryTime
FNDA:18,isValidRating
FNDA:4,formatCurrency
FNDA:4,calculateTax
FNDA:5,validateEmail
FNDA:4,validatePhoneNumber
FNDA:2,calculateEstimatedDeliveryTime
FNDA:2,formatOrderId
FNDA:4,calculateTipAmount
FNDA:4,isValidDiscountCode
FNDA:4,calculateDeliveryFee
DA:7,21
DA:10,21
DA:11,8
DA:12,8
DA:15,13
DA:19,1
DA:24,8
DA:28,10
DA:29,6
DA:34,19
DA:45,19
DA:50,9
DA:54,3
DA:58,3
DA:63,3
DA:68,7
DA:72,4
DA:77,13
DA:78,3
DA:81,10
DA:82,2
DA:86,8
DA:87,19
DA:88,2
DA:90,17
DA:91,2
DA:95,4
DA:100,7
DA:104,4
DA:109,18
DA:114,4
DA:115,1
DA:117,3
DA:121,4
DA:122,0
DA:124,4
DA:125,1
DA:127,3
DA:131,5
DA:132,1
DA:134,4
DA:135,4
DA:139,4
DA:140,0
DA:143,4
DA:145,4
DA:149,2
DA:151,2
DA:155,2
DA:156,0
DA:158,2
DA:162,4
DA:163,0
DA:165,4
DA:166,1
DA:168,3
DA:172,4
DA:173,0
DA:176,4
DA:180,4
DA:181,0
DA:184,4
DA:185,4
DA:189,1
LF:64
LH:58
BRDA:5,0,0,12
BRDA:10,1,0,8
BRDA:10,1,1,13
BRDA:27,2,0,3
BRDA:45,3,0,19
BRDA:45,3,1,7
BRDA:63,4,0,1
BRDA:63,4,1,2
BRDA:68,5,0,7
BRDA:68,5,1,5
BRDA:77,6,0,3
BRDA:77,6,1,10
BRDA:77,7,0,13
BRDA:77,7,1,11
BRDA:77,7,2,11
BRDA:81,8,0,2
BRDA:81,8,1,8
BRDA:81,9,0,10
BRDA:81,9,1,10
BRDA:87,10,0,2
BRDA:87,10,1,17
BRDA:87,11,0,19
BRDA:87,11,1,18
BRDA:87,11,2,17
BRDA:90,12,0,2
BRDA:90,12,1,15
BRDA:90,13,0,17
BRDA:90,13,1,16
BRDA:104,14,0,4
BRDA:104,14,1,3
BRDA:109,15,0,18
BRDA:109,15,1,16
BRDA:109,15,2,13
BRDA:114,16,0,1
BRDA:114,16,1,3
BRDA:114,17,0,4
BRDA:114,17,1,3
BRDA:120,18,0,1
BRDA:121,19,0,0
BRDA:121,19,1,4
BRDA:121,20,0,4
BRDA:121,20,1,4
BRDA:124,21,0,1
BRDA:124,21,1,3
BRDA:124,22,0,4
BRDA:124,22,1,4
BRDA:124,22,2,4
BRDA:131,23,0,1
BRDA:131,23,1,4
BRDA:131,24,0,5
BRDA:131,24,1,4
BRDA:139,25,0,0
BRDA:139,25,1,4
BRDA:139,26,0,4
BRDA:139,26,1,4
BRDA:149,27,0,2
BRDA:149,27,1,0
BRDA:151,28,0,1
BRDA:151,28,1,1
BRDA:155,29,0,0
BRDA:155,29,1,2
BRDA:155,30,0,2
BRDA:155,30,1,2
BRDA:161,31,0,1
BRDA:162,32,0,0
BRDA:162,32,1,4
BRDA:162,33,0,4
BRDA:162,33,1,4
BRDA:165,34,0,1
BRDA:165,34,1,3
BRDA:165,35,0,4
BRDA:165,35,1,4
BRDA:172,36,0,0
BRDA:172,36,1,4
BRDA:172,37,0,4
BRDA:172,37,1,4
BRDA:180,38,0,0
BRDA:180,38,1,4
BRDA:180,39,0,4
BRDA:180,39,1,4
BRDA:184,40,0,2
BRDA:184,40,1,2
BRDA:185,41,0,2
BRDA:185,41,1,2
BRF:84
BRH:77
end_of_record
