TN:
SF:src/utils/businessLogic.js
FN:5,calculatePointsForOrder
FN:18,calculatePointsForReview
FN:22,calculateDiscountFromPoints
FN:27,calculateOrderTotal
FN:28,(anonymous_4)
FN:33,isValidStatusTransition
FN:49,isValidUserRole
FN:53,canPlaceOrder
FN:57,canManageOrders
FN:62,getDefaultDeliveryStatus
FN:67,canUsePoints
FN:71,calculateMaxDiscount
FN:76,isValidOrder
FN:99,isLocalLegend
FN:103,calculateDeliveryTime
FN:108,isValidRating
FNF:16
FNH:16
FNDA:21,calculatePointsForOrder
FNDA:1,calculatePointsForReview
FNDA:8,calculateDiscountFromPoints
FNDA:6,calculateOrderTotal
FNDA:10,(anonymous_4)
FNDA:19,isValidStatusTransition
FNDA:9,isValidUserRole
FNDA:3,canPlaceOrder
FNDA:3,canManageOrders
FNDA:3,getDefaultDeliveryStatus
FNDA:7,canUsePoints
FNDA:4,calculateMaxDiscount
FNDA:13,isValidOrder
FNDA:7,isLocalLegend
FNDA:4,calculateDeliveryTime
FNDA:18,isValidRating
DA:7,21
DA:10,21
DA:11,8
DA:12,8
DA:15,13
DA:19,1
DA:24,8
DA:28,10
DA:29,6
DA:34,19
DA:45,19
DA:50,9
DA:54,3
DA:58,3
DA:63,3
DA:68,7
DA:72,4
DA:77,13
DA:78,3
DA:81,10
DA:82,2
DA:86,8
DA:87,19
DA:88,2
DA:90,17
DA:91,2
DA:95,4
DA:100,7
DA:104,4
DA:109,18
DA:113,1
LF:31
LH:31
BRDA:5,0,0,12
BRDA:10,1,0,8
BRDA:10,1,1,13
BRDA:27,2,0,3
BRDA:45,3,0,19
BRDA:45,3,1,7
BRDA:63,4,0,1
BRDA:63,4,1,2
BRDA:68,5,0,7
BRDA:68,5,1,5
BRDA:77,6,0,3
BRDA:77,6,1,10
BRDA:77,7,0,13
BRDA:77,7,1,11
BRDA:77,7,2,11
BRDA:81,8,0,2
BRDA:81,8,1,8
BRDA:81,9,0,10
BRDA:81,9,1,10
BRDA:87,10,0,2
BRDA:87,10,1,17
BRDA:87,11,0,19
BRDA:87,11,1,18
BRDA:87,11,2,17
BRDA:90,12,0,2
BRDA:90,12,1,15
BRDA:90,13,0,17
BRDA:90,13,1,16
BRDA:104,14,0,4
BRDA:104,14,1,3
BRDA:109,15,0,18
BRDA:109,15,1,16
BRDA:109,15,2,13
BRF:33
BRH:33
end_of_record
